<?xml version="1.0" encoding="UTF-8"?>
<testsuite xmlns:xsi="http://www.w3.org/2001/XMLSchema-instance" xsi:noNamespaceSchemaLocation="https://maven.apache.org/surefire/maven-surefire-plugin/xsd/surefire-test-report-3.0.xsd" version="3.0" name="TestSex" time="0.014" tests="2" errors="0" skipped="0" failures="0">
  <properties>
    <property name="java.specification.version" value="17"/>
    <property name="sun.jnu.encoding" value="UTF-8"/>
    <property name="java.class.path" value="/home/eugene/Projects/sprint-6/target/test-classes:/home/eugene/Projects/sprint-6/target/classes:/home/eugene/.m2/repository/junit/junit/4.12/junit-4.12.jar:/home/eugene/.m2/repository/org/hamcrest/hamcrest-core/1.3/hamcrest-core-1.3.jar:/home/eugene/.m2/repository/org/mockito/mockito-core/3.12.4/mockito-core-3.12.4.jar:/home/eugene/.m2/repository/net/bytebuddy/byte-buddy-agent/1.11.13/byte-buddy-agent-1.11.13.jar:/home/eugene/.m2/repository/org/objenesis/objenesis/3.2/objenesis-3.2.jar:/home/eugene/.m2/repository/net/bytebuddy/byte-buddy/1.11.16/byte-buddy-1.11.16.jar:"/>
    <property name="java.vm.vendor" value="Amazon.com Inc."/>
    <property name="sun.arch.data.model" value="64"/>
    <property name="java.vendor.url" value="https://aws.amazon.com/corretto/"/>
    <property name="os.name" value="Linux"/>
    <property name="java.vm.specification.version" value="17"/>
    <property name="sun.java.launcher" value="SUN_STANDARD"/>
    <property name="user.country" value="RU"/>
    <property name="sun.boot.library.path" value="/home/eugene/.jdks/corretto-17.0.9/lib"/>
    <property name="sun.java.command" value="/home/eugene/Projects/sprint-6/target/surefire/surefirebooter-20240821235400967_3.jar /home/eugene/Projects/sprint-6/target/surefire 2024-08-21T23-54-00_784-jvmRun1 surefire-20240821235400967_1tmp surefire_0-20240821235400967_2tmp"/>
    <property name="jdk.debug" value="release"/>
    <property name="surefire.test.class.path" value="/home/eugene/Projects/sprint-6/target/test-classes:/home/eugene/Projects/sprint-6/target/classes:/home/eugene/.m2/repository/junit/junit/4.12/junit-4.12.jar:/home/eugene/.m2/repository/org/hamcrest/hamcrest-core/1.3/hamcrest-core-1.3.jar:/home/eugene/.m2/repository/org/mockito/mockito-core/3.12.4/mockito-core-3.12.4.jar:/home/eugene/.m2/repository/net/bytebuddy/byte-buddy-agent/1.11.13/byte-buddy-agent-1.11.13.jar:/home/eugene/.m2/repository/org/objenesis/objenesis/3.2/objenesis-3.2.jar:/home/eugene/.m2/repository/net/bytebuddy/byte-buddy/1.11.16/byte-buddy-1.11.16.jar:"/>
    <property name="sun.cpu.endian" value="little"/>
    <property name="user.home" value="/home/eugene"/>
    <property name="user.language" value="ru"/>
    <property name="java.specification.vendor" value="Oracle Corporation"/>
    <property name="java.version.date" value="2023-10-17"/>
    <property name="java.home" value="/home/eugene/.jdks/corretto-17.0.9"/>
    <property name="file.separator" value="/"/>
    <property name="basedir" value="/home/eugene/Projects/sprint-6"/>
    <property name="java.vm.compressedOopsMode" value="Zero based"/>
    <property name="line.separator" value="&#10;"/>
    <property name="java.specification.name" value="Java Platform API Specification"/>
    <property name="java.vm.specification.vendor" value="Oracle Corporation"/>
    <property name="surefire.real.class.path" value="/home/eugene/Projects/sprint-6/target/surefire/surefirebooter-20240821235400967_3.jar"/>
    <property name="sun.management.compiler" value="HotSpot 64-Bit Tiered Compilers"/>
    <property name="java.runtime.version" value="17.0.9+8-LTS"/>
    <property name="user.name" value="eugene"/>
    <property name="path.separator" value=":"/>
    <property name="os.version" value="5.4.0-172-generic"/>
    <property name="java.runtime.name" value="OpenJDK Runtime Environment"/>
    <property name="file.encoding" value="UTF-8"/>
    <property name="java.vm.name" value="OpenJDK 64-Bit Server VM"/>
    <property name="java.vendor.version" value="Corretto-17.0.9.8.1"/>
    <property name="localRepository" value="/home/eugene/.m2/repository"/>
    <property name="java.vendor.url.bug" value="https://github.com/corretto/corretto-17/issues/"/>
    <property name="java.io.tmpdir" value="/tmp"/>
    <property name="idea.version" value="2023.3.2"/>
    <property name="java.version" value="17.0.9"/>
    <property name="user.dir" value="/home/eugene/Projects/sprint-6"/>
    <property name="os.arch" value="amd64"/>
    <property name="java.vm.specification.name" value="Java Virtual Machine Specification"/>
    <property name="native.encoding" value="UTF-8"/>
    <property name="java.library.path" value="/usr/java/packages/lib:/usr/lib64:/lib64:/lib:/usr/lib"/>
    <property name="java.vm.info" value="mixed mode, sharing"/>
    <property name="java.vendor" value="Amazon.com Inc."/>
    <property name="java.vm.version" value="17.0.9+8-LTS"/>
    <property name="sun.io.unicode.encoding" value="UnicodeLittle"/>
    <property name="java.class.version" value="61.0"/>
  </properties>
  <testcase name="testHasMane[0]" classname="TestSex" time="0.001"/>
  <testcase name="testHasMane[1]" classname="TestSex" time="0.0"/>
</testsuite>